2025-12-15 18:16:05,455 - კითხვა: რომელია საფრანგეთის დედაქალაქი?
2025-12-15 18:16:05,455 - პასუხი: ბარსელონა
2025-12-15 18:16:05,456 - ------------------------------
2025-12-15 18:16:54,855 - კითხვა: 5 + 5 = ?
2025-12-15 18:16:54,855 - პასუხი: 7
2025-12-15 18:16:54,855 - ------------------------------
2025-12-15 18:17:05,758 - კითხვა: რომელია დედამიწის თანამგზავრი?
2025-12-15 18:17:05,758 - პასუხი: მთვარე
2025-12-15 18:17:05,758 - ------------------------------
2025-12-15 18:17:10,625 - კითხვა: 10 - 3 = ?
2025-12-15 18:17:10,632 - პასუხი: 7
2025-12-15 18:17:10,632 - ------------------------------
2025-12-15 18:17:14,783 - კითხვა: რამდენი დღეა ერთ კვირაში?
2025-12-15 18:17:14,783 - პასუხი: 7
2025-12-15 18:17:14,783 - ------------------------------
2025-12-15 18:21:18,328 - კითხვა: რომელია საფრანგეთის დედაქალაქი?
2025-12-15 18:21:18,329 - პასუხი: პარიზი
2025-12-15 18:21:18,329 - ------------------------------
2025-12-15 18:21:19,953 - კითხვა: 5 + 5 = ?
2025-12-15 18:21:19,953 - პასუხი: 10
2025-12-15 18:21:19,953 - ------------------------------
2025-12-15 18:21:27,276 - კითხვა: რომელია დედამიწის თანამგზავრი?
2025-12-15 18:21:27,276 - პასუხი: მთვარე
2025-12-15 18:21:27,276 - ------------------------------
2025-12-15 18:21:28,984 - კითხვა: 10 - 3 = ?
2025-12-15 18:21:28,984 - პასუხი: 7
2025-12-15 18:21:28,984 - ------------------------------
2025-12-15 18:21:32,519 - კითხვა: რამდენი დღეა ერთ კვირაში?
2025-12-15 18:21:32,519 - პასუხი: 7
2025-12-15 18:21:32,519 - ------------------------------
